\BOOKMARK [1][-]{Section.0.Introduction.1}{Introduction}{}
\BOOKMARK [1][-]{Section.1.Eigen classes.1}{Eigen classes}{}
\BOOKMARK [2][-]{Subsection.2.0.Mapped matrices in Eigen.2}{Mapped matrices in Eigen}{Section.1.Eigen classes.1}
\BOOKMARK [2][-]{Subsection.2.1.Arrays in Eigen.2}{Arrays in Eigen}{Section.1.Eigen classes.1}
\BOOKMARK [2][-]{Subsection.2.2.Structured matrices in Eigen.2}{Structured matrices in Eigen}{Section.1.Eigen classes.1}
\BOOKMARK [1][-]{Section.2.Some simple examples.1}{Some simple examples}{}
\BOOKMARK [2][-]{Subsection.3.0.Transpose of an integer matrix.2}{Transpose of an integer matrix}{Section.2.Some simple examples.1}
\BOOKMARK [2][-]{Subsection.3.1.Products and cross-products.2}{Products and cross-products}{Section.2.Some simple examples.1}
\BOOKMARK [2][-]{Subsection.3.2.Crossproduct of a single matrix.2}{Crossproduct of a single matrix}{Section.2.Some simple examples.1}
\BOOKMARK [2][-]{Subsection.3.3.Cholesky decomposition of the crossprod.2}{Cholesky decomposition of the crossprod}{Section.2.Some simple examples.1}
\BOOKMARK [2][-]{Subsection.3.4.Determinant of the cross-product matrix.2}{Determinant of the cross-product matrix}{Section.2.Some simple examples.1}
\BOOKMARK [1][-]{Section.3.Least squares solutions.1}{Least squares solutions}{}
\BOOKMARK [2][-]{Subsection.4.0.Least squares using the ``LLt'' Cholesky.2}{Least squares using the ``LLt'' Cholesky}{Section.3.Least squares solutions.1}
\BOOKMARK [2][-]{Subsection.4.1.Least squares using the unpivoted QR decomposition.2}{Least squares using the unpivoted QR decomposition}{Section.3.Least squares solutions.1}
\BOOKMARK [2][-]{Subsection.4.2.Handling the rank-deficient case.2}{Handling the rank-deficient case}{Section.3.Least squares solutions.1}
\BOOKMARK [2][-]{Subsection.4.3.Least squares using the SVD.2}{Least squares using the SVD}{Section.3.Least squares solutions.1}
\BOOKMARK [2][-]{Subsection.4.4.Least squares using the eigendecomposition.2}{Least squares using the eigendecomposition}{Section.3.Least squares solutions.1}
\BOOKMARK [2][-]{Subsection.4.5.Least squares using the column-pivoted QR decomposition.2}{Least squares using the column-pivoted QR decomposition}{Section.3.Least squares solutions.1}
\BOOKMARK [2][-]{Subsection.4.6.Comparative speed.2}{Comparative speed}{Section.3.Least squares solutions.1}
\BOOKMARK [1][-]{Section.4.Delayed evaluation.1}{Delayed evaluation}{}
\BOOKMARK [1][-]{Section.5.Sparse matrices.1}{Sparse matrices}{}
\BOOKMARK [1][-]{Section.6.Summary.1}{Summary}{}
